<?xml version="1.0" encoding="UTF-8"?>
<!-- Generated by org.testng.reporters.JUnitReportReporter -->
<testsuite hostname="LAPTOP-7R2TGVRQ" failures="0" tests="1" name="realtimeproject.TwoTest" time="0.032" errors="0" timestamp="2022-08-07T20:08:55 IST" skipped="0">
  <testcase classname="realtimeproject.TwoTest" name="twoTest" time="0.032"/>
  <system-out/>
</testsuite> <!-- realtimeproject.TwoTest -->
