<?xml version="1.0" encoding="UTF-8"?>
<!-- Generated by org.testng.reporters.JUnitReportReporter -->
<testsuite hostname="LAPTOP-7R2TGVRQ" failures="0" tests="1" name="realtimeproject.FirstTest" time="0.037" errors="0" timestamp="2022-08-07T20:08:55 IST" skipped="0">
  <testcase classname="realtimeproject.FirstTest" name="firstTest" time="0.037"/>
  <system-out/>
</testsuite> <!-- realtimeproject.FirstTest -->
