<?xml version="1.0" encoding="UTF-8"?>
<!-- Generated by org.testng.reporters.JUnitReportReporter -->
<testsuite hostname="LAPTOP-7R2TGVRQ" failures="0" tests="1" name="runner.Runner" time="19.307" errors="0" timestamp="2022-08-08T16:43:54 IST" skipped="0">
  <testcase classname="runner.Runner" name="runScenario" time="19.307"/>
  <system-out/>
</testsuite> <!-- runner.Runner -->
